
> metadata-hub@0.1.0 build
> next build

⚠ Warning: Next.js inferred your workspace root, but it may not be correct.
 We detected multiple lockfiles and selected the directory of /Users/pabrik/working/mekarsa/products/varguard/package-lock.json as the root directory.
 To silence this warning, set `turbopack.root` in your Next.js config, or consider removing one of the lockfiles if it's not needed.
   See https://nextjs.org/docs/app/api-reference/config/next-config-js/turbopack#root-directory for more information.
 Detected additional lockfiles: 
   * /Users/pabrik/working/mekarsa/products/varguard/metadata-hub/package-lock.json

▲ Next.js 16.2.6 (Turbopack)

  Creating an optimized production build ...
✓ Compiled successfully in 3.8s
  Running TypeScript ...
  Finished TypeScript in 6.2s ...
  Collecting page data using 7 workers ...
  Generating static pages using 7 workers (0/23) ...
  Generating static pages using 7 workers (5/23) 
  Generating static pages using 7 workers (11/23) 
  Generating static pages using 7 workers (17/23) 
✓ Generating static pages using 7 workers (23/23) in 457ms
  Finalizing page optimization ...

Route (app)
┌ ○ /
├ ○ /_not-found
├ ƒ /api/data-agent/profile
├ ƒ /api/data-agent/scan
├ ƒ /api/datasets
├ ƒ /api/ea/artifact-link
├ ƒ /api/lineage/events
├ ○ /classifications
├ ○ /dashboard
├ ○ /datasets
├ ƒ /datasets/[id]
├ ○ /forgot-password
├ ○ /governance
├ ○ /indicators
├ ○ /integrations
├ ○ /lineage
├ ○ /login
├ ○ /mdm
├ ○ /quality
├ ○ /register
├ ○ /settings
└ ○ /variables


○  (Static)   prerendered as static content
ƒ  (Dynamic)  server-rendered on demand

