
> metadata-hub@0.1.0 build
> next build

⚠ Warning: Next.js inferred your workspace root, but it may not be correct.
 We detected multiple lockfiles and selected the directory of /Users/pabrik/working/mekarsa/products/varguard/package-lock.json as the root directory.
 To silence this warning, set `turbopack.root` in your Next.js config, or consider removing one of the lockfiles if it's not needed.
   See https://nextjs.org/docs/app/api-reference/config/next-config-js/turbopack#root-directory for more information.
 Detected additional lockfiles: 
   * /Users/pabrik/working/mekarsa/products/varguard/metadata-hub/package-lock.json

▲ Next.js 16.2.6 (Turbopack)

  Creating an optimized production build ...
✓ Compiled successfully in 4.4s
  Running TypeScript ...
Failed to type check.

./app/api/datasets/route.ts:37:42
Type error: Argument of type '{ tenant_id: any; workspace_id: string; organization_id: string; code: any; name: any; description: any; domain: any; category: any; source_system: string; source_type: string; storage_location: string; ... 12 more ...; updated_by: string; }' is not assignable to parameter of type 'Omit<Dataset, "id" | "created_at" | "updated_at">'.
  Property 'completeness_score' is missing in type '{ tenant_id: any; workspace_id: string; organization_id: string; code: any; name: any; description: any; domain: any; category: any; source_system: string; source_type: string; storage_location: string; ... 12 more ...; updated_by: string; }' but required in type 'Omit<Dataset, "id" | "created_at" | "updated_at">'.

  35 |     }
  36 |
> 37 |     const newDataset = mockDb.addDataset({
     |                                          ^
  38 |       tenant_id: tenant_id || "tenant-spbe",
  39 |       workspace_id: "ws-001",
  40 |       organization_id: "org-pusdatin",
Next.js build worker exited with code: 1 and signal: null
